
  .   ____          _            __ _ _
 /\\ / ___'_ __ _ _(_)_ __  __ _ \ \ \ \
( ( )\___ | '_ | '_| | '_ \/ _` | \ \ \ \
 \\/  ___)| |_)| | | | | || (_| |  ) ) ) )
  '  |____| .__|_| |_|_| |_\__, | / / / /
 =========|_|==============|___/=/_/_/_/

 :: Spring Boot ::                (v4.0.1)

2025-12-31T18:30:43.533-08:00  INFO 5320 --- [backend] [           main] com.sensum.backend.BackendApplication    : Starting BackendApplication v0.0.1-SNAPSHOT using Java 17.0.16 with PID 5320 (C:\Users\hs373\Desktop\sensum\backend\target\backend-0.0.1-SNAPSHOT.jar started by hs373 in C:\Users\hs373\Desktop\sensum\backend)
2025-12-31T18:30:43.545-08:00  INFO 5320 --- [backend] [           main] com.sensum.backend.BackendApplication    : No active profile set, falling back to 1 default profile: "default"
2025-12-31T18:30:44.508-08:00  INFO 5320 --- [backend] [           main] .s.d.r.c.RepositoryConfigurationDelegate : Bootstrapping Spring Data JPA repositories in DEFAULT mode.
2025-12-31T18:30:44.587-08:00  INFO 5320 --- [backend] [           main] .s.d.r.c.RepositoryConfigurationDelegate : Finished Spring Data repository scanning in 60 ms. Found 11 JPA repository interfaces.
2025-12-31T18:30:45.745-08:00  INFO 5320 --- [backend] [           main] o.s.boot.tomcat.TomcatWebServer          : Tomcat initialized with port 8080 (http)
2025-12-31T18:30:45.764-08:00  INFO 5320 --- [backend] [           main] o.apache.catalina.core.StandardService   : Starting service [Tomcat]
2025-12-31T18:30:45.764-08:00  INFO 5320 --- [backend] [           main] o.apache.catalina.core.StandardEngine    : Starting Servlet engine: [Apache Tomcat/11.0.15]
2025-12-31T18:30:45.809-08:00  INFO 5320 --- [backend] [           main] b.w.c.s.WebApplicationContextInitializer : Root WebApplicationContext: initialization completed in 2187 ms
2025-12-31T18:30:46.577-08:00  INFO 5320 --- [backend] [           main] com.zaxxer.hikari.HikariDataSource       : HikariPool-1 - Starting...
2025-12-31T18:30:46.952-08:00  INFO 5320 --- [backend] [           main] com.zaxxer.hikari.pool.HikariPool        : HikariPool-1 - Added connection org.postgresql.jdbc.PgConnection@3b770d07
2025-12-31T18:30:46.953-08:00  INFO 5320 --- [backend] [           main] com.zaxxer.hikari.HikariDataSource       : HikariPool-1 - Start completed.
2025-12-31T18:30:46.996-08:00  INFO 5320 --- [backend] [           main] org.flywaydb.core.FlywayExecutor         : Database: jdbc:postgresql://localhost:5432/sensum (PostgreSQL 16.11)
2025-12-31T18:30:47.128-08:00  INFO 5320 --- [backend] [           main] o.f.core.internal.command.DbValidate     : Successfully validated 9 migrations (execution time 00:00.071s)
2025-12-31T18:30:47.174-08:00  INFO 5320 --- [backend] [           main] o.f.core.internal.command.DbMigrate      : Current version of schema "public": 9
2025-12-31T18:30:47.192-08:00  INFO 5320 --- [backend] [           main] o.f.core.internal.command.DbMigrate      : Schema "public" is up to date. No migration necessary.
2025-12-31T18:30:47.354-08:00  INFO 5320 --- [backend] [           main] org.hibernate.orm.jpa                    : HHH008540: Processing PersistenceUnitInfo [name: default]
2025-12-31T18:30:47.481-08:00  INFO 5320 --- [backend] [           main] org.hibernate.orm.core                   : HHH000001: Hibernate ORM core version 7.2.0.Final
2025-12-31T18:30:47.964-08:00  INFO 5320 --- [backend] [           main] o.s.o.j.p.SpringPersistenceUnitInfo      : No LoadTimeWeaver setup: ignoring JPA class transformer
2025-12-31T18:30:48.045-08:00  INFO 5320 --- [backend] [           main] org.hibernate.orm.connections.pooling    : HHH10001005: Database info:
	Database JDBC URL [jdbc:postgresql://localhost:5432/sensum]
	Database driver: PostgreSQL JDBC Driver
	Database dialect: PostgreSQLDialect
	Database version: 16.11
	Default catalog/schema: sensum/public
	Autocommit mode: undefined/unknown
	Isolation level: READ_COMMITTED [default READ_COMMITTED]
	JDBC fetch size: none
	Pool: DataSourceConnectionProvider
	Minimum pool size: undefined/unknown
	Maximum pool size: undefined/unknown
2025-12-31T18:30:48.868-08:00  INFO 5320 --- [backend] [           main] org.hibernate.orm.core                   : HHH000489: No JTA platform available (set 'hibernate.transaction.jta.platform' to enable JTA platform integration)
2025-12-31T18:30:48.945-08:00  INFO 5320 --- [backend] [           main] j.LocalContainerEntityManagerFactoryBean : Initialized JPA EntityManagerFactory for persistence unit 'default'
2025-12-31T18:30:49.025-08:00  INFO 5320 --- [backend] [           main] o.s.d.j.r.query.QueryEnhancerFactories   : Hibernate is in classpath; If applicable, HQL parser will be used.
2025-12-31T18:30:50.249-08:00  WARN 5320 --- [backend] [           main] JpaBaseConfiguration$JpaWebConfiguration : spring.jpa.open-in-view is enabled by default. Therefore, database queries may be performed during view rendering. Explicitly configure spring.jpa.open-in-view to disable this warning
2025-12-31T18:30:50.456-08:00  WARN 5320 --- [backend] [           main] .s.a.UserDetailsServiceAutoConfiguration : 

Using generated security password: 75d9717b-65b5-44c6-b9a4-7c4dbbe4c9ff

This generated password is for development use only. Your security configuration must be updated before running your application in production.

2025-12-31T18:30:50.466-08:00  INFO 5320 --- [backend] [           main] r$InitializeUserDetailsManagerConfigurer : Global AuthenticationManager configured with UserDetailsService bean with name inMemoryUserDetailsManager
2025-12-31T18:30:51.364-08:00  INFO 5320 --- [backend] [           main] o.s.boot.tomcat.TomcatWebServer          : Tomcat started on port 8080 (http) with context path '/'
2025-12-31T18:30:51.377-08:00  INFO 5320 --- [backend] [           main] com.sensum.backend.BackendApplication    : Started BackendApplication in 8.594 seconds (process running for 9.242)
2025-12-31T18:31:00.177-08:00  INFO 5320 --- [backend] [nio-8080-exec-1] o.a.c.c.C.[Tomcat].[localhost].[/]       : Initializing Spring DispatcherServlet 'dispatcherServlet'
2025-12-31T18:31:00.185-08:00  INFO 5320 --- [backend] [nio-8080-exec-1] o.s.web.servlet.DispatcherServlet        : Initializing Servlet 'dispatcherServlet'
2025-12-31T18:31:00.187-08:00  INFO 5320 --- [backend] [nio-8080-exec-1] o.s.web.servlet.DispatcherServlet        : Completed initialization in 2 ms
